Start testing: Sep 18 11:11 RTZ 2 (çèìà)
----------------------------------------------------------
1/1 Testing: RemoveVowelsTests
1/1 Test: RemoveVowelsTests
Command: "C:/Users/Public/VsCodePrograms/Cpp/OOP-LABS/laba1/build/runTests.exe"
Directory: C:/Users/Public/VsCodePrograms/Cpp/OOP-LABS/laba1/build
"RemoveVowelsTests" start time: Sep 18 11:11 RTZ 2 (çèìà)
Output:
----------------------------------------------------------
Running main() from C:\Users\Public\VsCodePrograms\Cpp\OOP-LABS\laba1\build\_deps\googletest-src\googletest\src\gtest_main.cc
[==========] Running 1 test from 1 test suite.
[----------] Global test environment set-up.
[----------] 1 test from RemoveVowelsTest
[ RUN      ] RemoveVowelsTest.BasicCases
[       OK ] RemoveVowelsTest.BasicCases (0 ms)
[----------] 1 test from RemoveVowelsTest (0 ms total)

[----------] Global test environment tear-down
[==========] 1 test from 1 test suite ran. (0 ms total)
[  PASSED  ] 1 test.
<end of output>
Test time =   0.22 sec
----------------------------------------------------------
Test Passed.
"RemoveVowelsTests" end time: Sep 18 11:11 RTZ 2 (çèìà)
"RemoveVowelsTests" time elapsed: 00:00:00
----------------------------------------------------------

End testing: Sep 18 11:11 RTZ 2 (çèìà)
